{"/Users/kakao/Documents/github-issues/src/tpl.js": {"path":"/Users/kakao/Documents/github-issues/src/tpl.js","statementMap":{"0":{"start":{"line":2,"column":1},"end":{"line":66,"column":6}},"1":{"start":{"line":70,"column":4},"end":{"line":90,"column":15}},"2":{"start":{"line":80,"column":22},"end":{"line":82,"column":24}},"3":{"start":{"line":94,"column":2},"end":{"line":224,"column":3}},"4":{"start":{"line":228,"column":2},"end":{"line":240,"column":10}}},"fnMap":{"0":{"name":"getIssueTpl","decl":{"start":{"line":1,"column":16},"end":{"line":1,"column":27}},"loc":{"start":{"line":1,"column":41},"end":{"line":67,"column":1}},"line":1},"1":{"name":"getIssueItemTpl","decl":{"start":{"line":69,"column":16},"end":{"line":69,"column":31}},"loc":{"start":{"line":69,"column":38},"end":{"line":91,"column":1}},"line":69},"2":{"name":"(anonymous_2)","decl":{"start":{"line":79,"column":39},"end":{"line":79,"column":40}},"loc":{"start":{"line":79,"column":69},"end":{"line":83,"column":21}},"line":79},"3":{"name":"getLabelTpl","decl":{"start":{"line":93,"column":16},"end":{"line":93,"column":27}},"loc":{"start":{"line":93,"column":30},"end":{"line":225,"column":1}},"line":93},"4":{"name":"getLabelItemTpl","decl":{"start":{"line":227,"column":16},"end":{"line":227,"column":31}},"loc":{"start":{"line":227,"column":62},"end":{"line":241,"column":1}},"line":227}},"branchMap":{},"s":{"0":1,"1":0,"2":0,"3":0,"4":0},"f":{"0":1,"1":0,"2":0,"3":0,"4":0},"b":{},"_coverageSchema":"1a1c01bbd47fc00a2c39e90264f33305004495a9","hash":"018af7b16a9a05a9d39d5703b6a807a7c29d0a8f"}
,"/Users/kakao/Documents/github-issues/src/constants/index.js": {"path":"/Users/kakao/Documents/github-issues/src/constants/index.js","statementMap":{"0":{"start":{"line":1,"column":13},"end":{"line":1,"column":19}},"1":{"start":{"line":2,"column":14},"end":{"line":2,"column":21}},"2":{"start":{"line":3,"column":27},"end":{"line":3,"column":40}},"3":{"start":{"line":4,"column":33},"end":{"line":4,"column":125}},"4":{"start":{"line":5,"column":27},"end":{"line":5,"column":87}}},"fnMap":{},"branchMap":{},"s":{"0":1,"1":1,"2":1,"3":1,"4":1},"f":{},"b":{},"_coverageSchema":"1a1c01bbd47fc00a2c39e90264f33305004495a9","hash":"eabf866dd50f41e09e6d762593c4244b58eb879d"}
,"/Users/kakao/Documents/github-issues/src/stores/issue.js": {"path":"/Users/kakao/Documents/github-issues/src/stores/issue.js","statementMap":{"0":{"start":{"line":1,"column":26},"end":{"line":11,"column":1}},"1":{"start":{"line":2,"column":15},"end":{"line":2,"column":19}},"2":{"start":{"line":3,"column":2},"end":{"line":10,"column":4}},"3":{"start":{"line":5,"column":6},"end":{"line":5,"column":20}},"4":{"start":{"line":8,"column":6},"end":{"line":8,"column":23}}},"fnMap":{"0":{"name":"(anonymous_0)","decl":{"start":{"line":1,"column":26},"end":{"line":1,"column":27}},"loc":{"start":{"line":1,"column":32},"end":{"line":11,"column":1}},"line":1},"1":{"name":"(anonymous_1)","decl":{"start":{"line":4,"column":4},"end":{"line":4,"column":5}},"loc":{"start":{"line":4,"column":16},"end":{"line":6,"column":5}},"line":4},"2":{"name":"(anonymous_2)","decl":{"start":{"line":7,"column":4},"end":{"line":7,"column":5}},"loc":{"start":{"line":7,"column":23},"end":{"line":9,"column":5}},"line":7}},"branchMap":{},"s":{"0":1,"1":1,"2":1,"3":2,"4":1},"f":{"0":1,"1":2,"2":1},"b":{},"_coverageSchema":"1a1c01bbd47fc00a2c39e90264f33305004495a9","hash":"d3080f8c50b37e7c2a74c52d9f86aed6f5346fc4"}
,"/Users/kakao/Documents/github-issues/src/utils/dom-selector.js": {"path":"/Users/kakao/Documents/github-issues/src/utils/dom-selector.js","statementMap":{"0":{"start":{"line":1,"column":29},"end":{"line":1,"column":75}},"1":{"start":{"line":1,"column":43},"end":{"line":1,"column":75}},"2":{"start":{"line":2,"column":32},"end":{"line":2,"column":83}},"3":{"start":{"line":2,"column":47},"end":{"line":2,"column":83}}},"fnMap":{"0":{"name":"(anonymous_0)","decl":{"start":{"line":1,"column":29},"end":{"line":1,"column":30}},"loc":{"start":{"line":1,"column":43},"end":{"line":1,"column":75}},"line":1},"1":{"name":"(anonymous_1)","decl":{"start":{"line":2,"column":32},"end":{"line":2,"column":33}},"loc":{"start":{"line":2,"column":47},"end":{"line":2,"column":83}},"line":2}},"branchMap":{},"s":{"0":1,"1":1,"2":1,"3":0},"f":{"0":1,"1":0},"b":{},"_coverageSchema":"1a1c01bbd47fc00a2c39e90264f33305004495a9","hash":"674185018cfcf864fb4fbd69bb80eb49bb43b676"}
,"/Users/kakao/Documents/github-issues/src/utils/pipe.js": {"path":"/Users/kakao/Documents/github-issues/src/utils/pipe.js","statementMap":{"0":{"start":{"line":1,"column":20},"end":{"line":1,"column":108}},"1":{"start":{"line":1,"column":38},"end":{"line":1,"column":108}},"2":{"start":{"line":1,"column":55},"end":{"line":1,"column":108}},"3":{"start":{"line":1,"column":85},"end":{"line":1,"column":92}}},"fnMap":{"0":{"name":"(anonymous_0)","decl":{"start":{"line":1,"column":20},"end":{"line":1,"column":21}},"loc":{"start":{"line":1,"column":38},"end":{"line":1,"column":108}},"line":1},"1":{"name":"(anonymous_1)","decl":{"start":{"line":1,"column":38},"end":{"line":1,"column":39}},"loc":{"start":{"line":1,"column":55},"end":{"line":1,"column":108}},"line":1},"2":{"name":"(anonymous_2)","decl":{"start":{"line":1,"column":72},"end":{"line":1,"column":73}},"loc":{"start":{"line":1,"column":85},"end":{"line":1,"column":92}},"line":1}},"branchMap":{},"s":{"0":1,"1":1,"2":1,"3":2},"f":{"0":1,"1":1,"2":2},"b":{},"_coverageSchema":"1a1c01bbd47fc00a2c39e90264f33305004495a9","hash":"229a109cb6dbd08cd4ec1e84e6b68b47c41920cb"}
,"/Users/kakao/Documents/github-issues/src/utils/status.js": {"path":"/Users/kakao/Documents/github-issues/src/utils/status.js","statementMap":{"0":{"start":{"line":3,"column":30},"end":{"line":9,"column":1}},"1":{"start":{"line":4,"column":15},"end":{"line":4,"column":17}},"2":{"start":{"line":5,"column":27},"end":{"line":5,"column":102}},"3":{"start":{"line":5,"column":57},"end":{"line":5,"column":102}},"4":{"start":{"line":6,"column":22},"end":{"line":6,"column":114}},"5":{"start":{"line":6,"column":34},"end":{"line":6,"column":114}},"6":{"start":{"line":6,"column":68},"end":{"line":6,"column":110}},"7":{"start":{"line":7,"column":2},"end":{"line":7,"column":70}},"8":{"start":{"line":7,"column":32},"end":{"line":7,"column":68}},"9":{"start":{"line":8,"column":2},"end":{"line":8,"column":16}},"10":{"start":{"line":11,"column":30},"end":{"line":13,"column":1}},"11":{"start":{"line":12,"column":2},"end":{"line":12,"column":53}},"12":{"start":{"line":12,"column":29},"end":{"line":12,"column":51}}},"fnMap":{"0":{"name":"(anonymous_0)","decl":{"start":{"line":3,"column":30},"end":{"line":3,"column":31}},"loc":{"start":{"line":3,"column":40},"end":{"line":9,"column":1}},"line":3},"1":{"name":"(anonymous_1)","decl":{"start":{"line":5,"column":27},"end":{"line":5,"column":28}},"loc":{"start":{"line":5,"column":57},"end":{"line":5,"column":102}},"line":5},"2":{"name":"(anonymous_2)","decl":{"start":{"line":6,"column":22},"end":{"line":6,"column":23}},"loc":{"start":{"line":6,"column":34},"end":{"line":6,"column":114}},"line":6},"3":{"name":"(anonymous_3)","decl":{"start":{"line":6,"column":46},"end":{"line":6,"column":47}},"loc":{"start":{"line":6,"column":68},"end":{"line":6,"column":110}},"line":6},"4":{"name":"(anonymous_4)","decl":{"start":{"line":7,"column":22},"end":{"line":7,"column":23}},"loc":{"start":{"line":7,"column":32},"end":{"line":7,"column":68}},"line":7},"5":{"name":"(anonymous_5)","decl":{"start":{"line":11,"column":30},"end":{"line":11,"column":31}},"loc":{"start":{"line":11,"column":48},"end":{"line":13,"column":1}},"line":11},"6":{"name":"(anonymous_6)","decl":{"start":{"line":12,"column":21},"end":{"line":12,"column":22}},"loc":{"start":{"line":12,"column":29},"end":{"line":12,"column":51}},"line":12}},"branchMap":{"0":{"loc":{"start":{"line":5,"column":66},"end":{"line":5,"column":101}},"type":"cond-expr","locations":[{"start":{"line":5,"column":96},"end":{"line":5,"column":97}},{"start":{"line":5,"column":100},"end":{"line":5,"column":101}}],"line":5}},"s":{"0":1,"1":1,"2":1,"3":2,"4":1,"5":2,"6":2,"7":1,"8":2,"9":1,"10":1,"11":0,"12":0},"f":{"0":1,"1":2,"2":2,"3":2,"4":2,"5":0,"6":0},"b":{"0":[1,1]},"_coverageSchema":"1a1c01bbd47fc00a2c39e90264f33305004495a9","hash":"b992f11feff95e87a0e845ca0b0788ed7d7c1e25"}
,"/Users/kakao/Documents/github-issues/src/utils/template.js": {"path":"/Users/kakao/Documents/github-issues/src/utils/template.js","statementMap":{"0":{"start":{"line":4,"column":34},"end":{"line":8,"column":1}},"1":{"start":{"line":5,"column":19},"end":{"line":5,"column":43}},"2":{"start":{"line":6,"column":21},"end":{"line":6,"column":42}},"3":{"start":{"line":7,"column":2},"end":{"line":7,"column":34}},"4":{"start":{"line":10,"column":31},"end":{"line":14,"column":1}},"5":{"start":{"line":11,"column":20},"end":{"line":11,"column":51}},"6":{"start":{"line":12,"column":20},"end":{"line":12,"column":101}},"7":{"start":{"line":12,"column":59},"end":{"line":12,"column":96}},"8":{"start":{"line":13,"column":2},"end":{"line":13,"column":34}},"9":{"start":{"line":20,"column":33},"end":{"line":25,"column":1}},"10":{"start":{"line":21,"column":2},"end":{"line":21,"column":78}},"11":{"start":{"line":21,"column":37},"end":{"line":21,"column":76}},"12":{"start":{"line":22,"column":2},"end":{"line":24,"column":3}},"13":{"start":{"line":23,"column":4},"end":{"line":23,"column":38}}},"fnMap":{"0":{"name":"(anonymous_0)","decl":{"start":{"line":4,"column":34},"end":{"line":4,"column":35}},"loc":{"start":{"line":4,"column":51},"end":{"line":8,"column":1}},"line":4},"1":{"name":"(anonymous_1)","decl":{"start":{"line":10,"column":31},"end":{"line":10,"column":32}},"loc":{"start":{"line":10,"column":43},"end":{"line":14,"column":1}},"line":10},"2":{"name":"(anonymous_2)","decl":{"start":{"line":12,"column":34},"end":{"line":12,"column":35}},"loc":{"start":{"line":12,"column":59},"end":{"line":12,"column":96}},"line":12},"3":{"name":"(anonymous_3)","decl":{"start":{"line":20,"column":33},"end":{"line":20,"column":34}},"loc":{"start":{"line":20,"column":67},"end":{"line":25,"column":1}},"line":20},"4":{"name":"(anonymous_4)","decl":{"start":{"line":21,"column":24},"end":{"line":21,"column":25}},"loc":{"start":{"line":21,"column":37},"end":{"line":21,"column":76}},"line":21}},"branchMap":{"0":{"loc":{"start":{"line":20,"column":49},"end":{"line":20,"column":62}},"type":"default-arg","locations":[{"start":{"line":20,"column":58},"end":{"line":20,"column":62}}],"line":20},"1":{"loc":{"start":{"line":22,"column":2},"end":{"line":24,"column":3}},"type":"if","locations":[{"start":{"line":22,"column":2},"end":{"line":24,"column":3}},{"start":{},"end":{}}],"line":22}},"s":{"0":1,"1":1,"2":1,"3":0,"4":1,"5":0,"6":0,"7":0,"8":0,"9":1,"10":0,"11":0,"12":0,"13":0},"f":{"0":1,"1":0,"2":0,"3":0,"4":0},"b":{"0":[0],"1":[0,0]},"_coverageSchema":"1a1c01bbd47fc00a2c39e90264f33305004495a9","hash":"6efb5bbedab3c8c49167e3158983ad561c9b1021"}
}
