{"/Users/kakao/Desktop/kakao/clean-fe/github-issues/src/constants/labelColor.js": {"path":"/Users/kakao/Desktop/kakao/clean-fe/github-issues/src/constants/labelColor.js","all":false,"statementMap":{"0":{"start":{"line":1,"column":0},"end":{"line":1,"column":28}},"1":{"start":{"line":2,"column":0},"end":{"line":2,"column":12}},"2":{"start":{"line":3,"column":0},"end":{"line":3,"column":12}},"3":{"start":{"line":4,"column":0},"end":{"line":4,"column":12}},"4":{"start":{"line":5,"column":0},"end":{"line":5,"column":12}},"5":{"start":{"line":6,"column":0},"end":{"line":6,"column":12}},"6":{"start":{"line":7,"column":0},"end":{"line":7,"column":12}},"7":{"start":{"line":8,"column":0},"end":{"line":8,"column":12}},"8":{"start":{"line":9,"column":0},"end":{"line":9,"column":12}},"9":{"start":{"line":10,"column":0},"end":{"line":10,"column":12}},"10":{"start":{"line":11,"column":0},"end":{"line":11,"column":12}},"11":{"start":{"line":12,"column":0},"end":{"line":12,"column":2}}},"s":{"0":1,"1":1,"2":1,"3":1,"4":1,"5":1,"6":1,"7":1,"8":1,"9":1,"10":1,"11":1},"branchMap":{},"b":{},"fnMap":{},"f":{}}
,"/Users/kakao/Desktop/kakao/clean-fe/github-issues/src/constants/status.js": {"path":"/Users/kakao/Desktop/kakao/clean-fe/github-issues/src/constants/status.js","all":false,"statementMap":{"0":{"start":{"line":1,"column":0},"end":{"line":1,"column":27}},"1":{"start":{"line":2,"column":0},"end":{"line":2,"column":0}},"2":{"start":{"line":3,"column":0},"end":{"line":3,"column":30}},"3":{"start":{"line":4,"column":0},"end":{"line":4,"column":0}},"4":{"start":{"line":5,"column":0},"end":{"line":5,"column":31}}},"s":{"0":1,"1":1,"2":1,"3":1,"4":1},"branchMap":{},"b":{},"fnMap":{},"f":{}}
,"/Users/kakao/Desktop/kakao/clean-fe/github-issues/src/utils/dom.js": {"path":"/Users/kakao/Desktop/kakao/clean-fe/github-issues/src/utils/dom.js","all":false,"statementMap":{"0":{"start":{"line":1,"column":0},"end":{"line":1,"column":0}},"1":{"start":{"line":2,"column":0},"end":{"line":2,"column":99}},"2":{"start":{"line":3,"column":0},"end":{"line":3,"column":105}},"3":{"start":{"line":4,"column":0},"end":{"line":4,"column":0}},"4":{"start":{"line":5,"column":0},"end":{"line":5,"column":60}},"5":{"start":{"line":6,"column":0},"end":{"line":6,"column":53}},"6":{"start":{"line":7,"column":0},"end":{"line":7,"column":2}},"7":{"start":{"line":8,"column":0},"end":{"line":8,"column":0}},"8":{"start":{"line":9,"column":0},"end":{"line":9,"column":50}},"9":{"start":{"line":10,"column":0},"end":{"line":10,"column":51}},"10":{"start":{"line":11,"column":0},"end":{"line":11,"column":2}},"11":{"start":{"line":12,"column":0},"end":{"line":12,"column":0}},"12":{"start":{"line":13,"column":0},"end":{"line":13,"column":53}},"13":{"start":{"line":14,"column":0},"end":{"line":14,"column":54}},"14":{"start":{"line":15,"column":0},"end":{"line":15,"column":2}},"15":{"start":{"line":16,"column":0},"end":{"line":16,"column":0}},"16":{"start":{"line":17,"column":0},"end":{"line":17,"column":49}},"17":{"start":{"line":18,"column":0},"end":{"line":18,"column":47}},"18":{"start":{"line":19,"column":0},"end":{"line":19,"column":2}},"19":{"start":{"line":20,"column":0},"end":{"line":20,"column":0}},"20":{"start":{"line":21,"column":0},"end":{"line":21,"column":52}},"21":{"start":{"line":22,"column":0},"end":{"line":22,"column":49}},"22":{"start":{"line":23,"column":0},"end":{"line":23,"column":0}},"23":{"start":{"line":24,"column":0},"end":{"line":24,"column":24}},"24":{"start":{"line":25,"column":0},"end":{"line":25,"column":62}},"25":{"start":{"line":26,"column":0},"end":{"line":26,"column":3}},"26":{"start":{"line":27,"column":0},"end":{"line":27,"column":1}},"27":{"start":{"line":28,"column":0},"end":{"line":28,"column":0}},"28":{"start":{"line":29,"column":0},"end":{"line":29,"column":69}},"29":{"start":{"line":30,"column":0},"end":{"line":30,"column":63}},"30":{"start":{"line":31,"column":0},"end":{"line":31,"column":2}}},"s":{"0":1,"1":1,"2":1,"3":1,"4":1,"5":0,"6":0,"7":1,"8":1,"9":0,"10":0,"11":1,"12":1,"13":0,"14":0,"15":1,"16":1,"17":0,"18":0,"19":1,"20":1,"21":0,"22":0,"23":0,"24":0,"25":0,"26":0,"27":1,"28":1,"29":0,"30":0},"branchMap":{"0":{"type":"branch","line":2,"loc":{"start":{"line":2,"column":30},"end":{"line":2,"column":99}},"locations":[{"start":{"line":2,"column":30},"end":{"line":2,"column":99}}]}},"b":{"0":[1]},"fnMap":{"0":{"name":"selectElement","decl":{"start":{"line":2,"column":30},"end":{"line":2,"column":99}},"loc":{"start":{"line":2,"column":30},"end":{"line":2,"column":99}},"line":2},"1":{"name":"selectAllElement","decl":{"start":{"line":3,"column":33},"end":{"line":3,"column":105}},"loc":{"start":{"line":3,"column":33},"end":{"line":3,"column":105}},"line":3},"2":{"name":"renderElement","decl":{"start":{"line":5,"column":30},"end":{"line":7,"column":2}},"loc":{"start":{"line":5,"column":30},"end":{"line":7,"column":2}},"line":5},"3":{"name":"addClass","decl":{"start":{"line":9,"column":25},"end":{"line":11,"column":2}},"loc":{"start":{"line":9,"column":25},"end":{"line":11,"column":2}},"line":9},"4":{"name":"removeClass","decl":{"start":{"line":13,"column":28},"end":{"line":15,"column":2}},"loc":{"start":{"line":13,"column":28},"end":{"line":15,"column":2}},"line":13},"5":{"name":"hasClass","decl":{"start":{"line":17,"column":25},"end":{"line":19,"column":2}},"loc":{"start":{"line":17,"column":25},"end":{"line":19,"column":2}},"line":17},"6":{"name":"toggleClass","decl":{"start":{"line":21,"column":28},"end":{"line":27,"column":1}},"loc":{"start":{"line":21,"column":28},"end":{"line":27,"column":1}},"line":21},"7":{"name":"addEventListener","decl":{"start":{"line":29,"column":33},"end":{"line":31,"column":2}},"loc":{"start":{"line":29,"column":33},"end":{"line":31,"column":2}},"line":29}},"f":{"0":1,"1":0,"2":0,"3":0,"4":0,"5":0,"6":0,"7":0}}
,"/Users/kakao/Desktop/kakao/clean-fe/github-issues/src/utils/label.js": {"path":"/Users/kakao/Desktop/kakao/clean-fe/github-issues/src/utils/label.js","all":false,"statementMap":{"0":{"start":{"line":1,"column":0},"end":{"line":1,"column":0}},"1":{"start":{"line":2,"column":0},"end":{"line":2,"column":0}},"2":{"start":{"line":3,"column":0},"end":{"line":3,"column":62}},"3":{"start":{"line":4,"column":0},"end":{"line":4,"column":39}},"4":{"start":{"line":5,"column":0},"end":{"line":5,"column":15}},"5":{"start":{"line":6,"column":0},"end":{"line":6,"column":0}},"6":{"start":{"line":7,"column":0},"end":{"line":7,"column":34}},"7":{"start":{"line":8,"column":0},"end":{"line":8,"column":17}},"8":{"start":{"line":9,"column":0},"end":{"line":9,"column":10}},"9":{"start":{"line":10,"column":0},"end":{"line":10,"column":30}},"10":{"start":{"line":11,"column":0},"end":{"line":11,"column":3}},"11":{"start":{"line":12,"column":0},"end":{"line":12,"column":0}},"12":{"start":{"line":13,"column":0},"end":{"line":13,"column":10}},"13":{"start":{"line":14,"column":0},"end":{"line":14,"column":25}},"14":{"start":{"line":15,"column":0},"end":{"line":15,"column":32}},"15":{"start":{"line":16,"column":0},"end":{"line":16,"column":4}},"16":{"start":{"line":17,"column":0},"end":{"line":17,"column":1}}},"s":{"0":1,"1":1,"2":1,"3":1,"4":1,"5":1,"6":1,"7":0,"8":1,"9":1,"10":1,"11":1,"12":1,"13":1,"14":1,"15":1,"16":1},"branchMap":{"0":{"type":"branch","line":8,"loc":{"start":{"line":8,"column":-1},"end":{"line":9,"column":4}},"locations":[{"start":{"line":8,"column":-1},"end":{"line":9,"column":4}}]}},"b":{"0":[0]},"fnMap":{},"f":{}}
,"/Users/kakao/Desktop/kakao/clean-fe/github-issues/src/utils/status.js": {"path":"/Users/kakao/Desktop/kakao/clean-fe/github-issues/src/utils/status.js","all":false,"statementMap":{"0":{"start":{"line":1,"column":0},"end":{"line":1,"column":0}},"1":{"start":{"line":2,"column":0},"end":{"line":2,"column":103}}},"s":{"0":1,"1":1},"branchMap":{"0":{"type":"branch","line":2,"loc":{"start":{"line":2,"column":36},"end":{"line":2,"column":103}},"locations":[{"start":{"line":2,"column":36},"end":{"line":2,"column":103}}]},"1":{"type":"branch","line":2,"loc":{"start":{"line":2,"column":46},"end":{"line":2,"column":103}},"locations":[{"start":{"line":2,"column":46},"end":{"line":2,"column":103}}]},"2":{"type":"branch","line":2,"loc":{"start":{"line":2,"column":70},"end":{"line":2,"column":102}},"locations":[{"start":{"line":2,"column":70},"end":{"line":2,"column":102}}]}},"b":{"0":[1],"1":[1],"2":[4]},"fnMap":{"0":{"name":"getIssuesWithStatus","decl":{"start":{"line":2,"column":36},"end":{"line":2,"column":103}},"loc":{"start":{"line":2,"column":36},"end":{"line":2,"column":103}},"line":2}},"f":{"0":1}}
}
